2019-12-06T01:21:55+00:00 DEBUG 
====Stripe Version: 4.3.1====
====Start Log====
Keys are not set correctly.
====End Log====


2019-12-06T01:26:12+00:00 DEBUG 
====Stripe Version: 4.3.1====
====Start Log====
Keys are not set correctly.
====End Log====


2019-12-06T01:26:37+00:00 DEBUG 
====Stripe Version: 4.3.1====
====Start Log====
Keys are not set correctly.
====End Log====


2019-12-06T01:27:14+00:00 DEBUG 
====Stripe Version: 4.3.1====
====Start Log====
Keys are not set correctly.
====End Log====


2019-12-06T01:27:24+00:00 DEBUG 
====Stripe Version: 4.3.1====
====Start Log====
Keys are not set correctly.
====End Log====


2019-12-06T01:27:30+00:00 DEBUG 
====Stripe Version: 4.3.1====
====Start Log====
Keys are not set correctly.
====End Log====


2019-12-06T01:27:42+00:00 DEBUG 
====Stripe Version: 4.3.1====
====Start Log====
Keys are not set correctly.
====End Log====


2019-12-06T02:24:51+00:00 DEBUG 
====Stripe Version: 4.3.1====
====Start Log====
Keys are not set correctly.
====End Log====


2019-12-06T02:25:14+00:00 DEBUG 
====Stripe Version: 4.3.1====
====Start Log====
Keys are not set correctly.
====End Log====


2019-12-06T02:51:08+00:00 DEBUG 
====Stripe Version: 4.3.1====
====Start Log====
Keys are not set correctly.
====End Log====


